ERROR - 2023-11-23 01:55:30 --> mysqli_sql_exception: Unknown column 'status' in 'where clause' in C:\xampp\htdocs\RequestandInquiry\system\Database\MySQLi\Connection.php:295
Stack trace:
#0 C:\xampp\htdocs\RequestandInquiry\system\Database\MySQLi\Connection.php(295): mysqli->query('SELECT COUNT(*)...', 0)
#1 C:\xampp\htdocs\RequestandInquiry\system\Database\BaseConnection.php(691): CodeIgniter\Database\MySQLi\Connection->execute('SELECT COUNT(*)...')
#2 C:\xampp\htdocs\RequestandInquiry\system\Database\BaseConnection.php(605): CodeIgniter\Database\BaseConnection->simpleQuery('SELECT COUNT(*)...')
#3 C:\xampp\htdocs\RequestandInquiry\system\Database\BaseBuilder.php(1700): CodeIgniter\Database\BaseConnection->query('SELECT COUNT(*)...', Array, false)
#4 C:\xampp\htdocs\RequestandInquiry\app\Models\Notification.php(30): CodeIgniter\Database\BaseBuilder->countAllResults(false)
#5 C:\xampp\htdocs\RequestandInquiry\app\Controllers\UserController.php(132): App\Models\Notification->loadUserRequest(Array)
#6 C:\xampp\htdocs\RequestandInquiry\system\CodeIgniter.php(934): App\Controllers\UserController->notification('2023710578')
#7 C:\xampp\htdocs\RequestandInquiry\system\CodeIgniter.php(499): CodeIgniter\CodeIgniter->runController(Object(App\Controllers\UserController))
#8 C:\xampp\htdocs\RequestandInquiry\system\CodeIgniter.php(368): CodeIgniter\CodeIgniter->handleRequest(NULL, Object(Config\Cache), false)
#9 C:\xampp\htdocs\RequestandInquiry\public\index.php(67): CodeIgniter\CodeIgniter->run()
#10 C:\xampp\htdocs\RequestandInquiry\system\Commands\Server\rewrite.php(47): require_once('C:\\xampp\\htdocs...')
#11 {main}
CRITICAL - 2023-11-23 01:55:30 --> Unknown column 'status' in 'where clause'
in SYSTEMPATH\Database\MySQLi\Connection.php on line 295.
 1 SYSTEMPATH\Database\MySQLi\Connection.php(295): mysqli->query('SELECT COUNT(*) AS `numrows`
FROM `notification_table`
WHERE `user_id` = \'2023710578\'
AND `status` = \'Active\'', 0)
 2 SYSTEMPATH\Database\BaseConnection.php(691): CodeIgniter\Database\MySQLi\Connection->execute('SELECT COUNT(*) AS `numrows`
FROM `notification_table`
WHERE `user_id` = \'2023710578\'
AND `status` = \'Active\'')
 3 SYSTEMPATH\Database\BaseConnection.php(605): CodeIgniter\Database\BaseConnection->simpleQuery('SELECT COUNT(*) AS `numrows`
FROM `notification_table`
WHERE `user_id` = \'2023710578\'
AND `status` = \'Active\'')
 4 SYSTEMPATH\Database\BaseBuilder.php(1700): CodeIgniter\Database\BaseConnection->query('SELECT COUNT(*) AS `numrows`
FROM `notification_table`
WHERE `user_id` = :user_id:
AND `status` = :status:', [...], false)
 5 APPPATH\Models\Notification.php(30): CodeIgniter\Database\BaseBuilder->countAllResults(false)
 6 APPPATH\Controllers\UserController.php(132): App\Models\Notification->loadUserRequest([...])
 7 SYSTEMPATH\CodeIgniter.php(934): App\Controllers\UserController->notification('2023710578')
 8 SYSTEMPATH\CodeIgniter.php(499): CodeIgniter\CodeIgniter->runController(Object(App\Controllers\UserController))
 9 SYSTEMPATH\CodeIgniter.php(368): CodeIgniter\CodeIgniter->handleRequest(null, Object(Config\Cache), false)
10 FCPATH\index.php(67): CodeIgniter\CodeIgniter->run()
11 SYSTEMPATH\Commands\Server\rewrite.php(47): require_once('C:\\xampp\\htdocs\\RequestandInquiry\\public\\index.php')
ERROR - 2023-11-23 01:55:38 --> mysqli_sql_exception: Unknown column 'status' in 'where clause' in C:\xampp\htdocs\RequestandInquiry\system\Database\MySQLi\Connection.php:295
Stack trace:
#0 C:\xampp\htdocs\RequestandInquiry\system\Database\MySQLi\Connection.php(295): mysqli->query('SELECT COUNT(*)...', 0)
#1 C:\xampp\htdocs\RequestandInquiry\system\Database\BaseConnection.php(691): CodeIgniter\Database\MySQLi\Connection->execute('SELECT COUNT(*)...')
#2 C:\xampp\htdocs\RequestandInquiry\system\Database\BaseConnection.php(605): CodeIgniter\Database\BaseConnection->simpleQuery('SELECT COUNT(*)...')
#3 C:\xampp\htdocs\RequestandInquiry\system\Database\BaseBuilder.php(1700): CodeIgniter\Database\BaseConnection->query('SELECT COUNT(*)...', Array, false)
#4 C:\xampp\htdocs\RequestandInquiry\app\Models\Notification.php(30): CodeIgniter\Database\BaseBuilder->countAllResults(false)
#5 C:\xampp\htdocs\RequestandInquiry\app\Controllers\UserController.php(132): App\Models\Notification->loadUserRequest(Array)
#6 C:\xampp\htdocs\RequestandInquiry\system\CodeIgniter.php(934): App\Controllers\UserController->notification('2023710578')
#7 C:\xampp\htdocs\RequestandInquiry\system\CodeIgniter.php(499): CodeIgniter\CodeIgniter->runController(Object(App\Controllers\UserController))
#8 C:\xampp\htdocs\RequestandInquiry\system\CodeIgniter.php(368): CodeIgniter\CodeIgniter->handleRequest(NULL, Object(Config\Cache), false)
#9 C:\xampp\htdocs\RequestandInquiry\public\index.php(67): CodeIgniter\CodeIgniter->run()
#10 C:\xampp\htdocs\RequestandInquiry\system\Commands\Server\rewrite.php(47): require_once('C:\\xampp\\htdocs...')
#11 {main}
CRITICAL - 2023-11-23 01:55:38 --> Unknown column 'status' in 'where clause'
in SYSTEMPATH\Database\MySQLi\Connection.php on line 295.
 1 SYSTEMPATH\Database\MySQLi\Connection.php(295): mysqli->query('SELECT COUNT(*) AS `numrows`
FROM `notification_table`
WHERE `user_id` = \'2023710578\'
AND `status` = \'Active\'', 0)
 2 SYSTEMPATH\Database\BaseConnection.php(691): CodeIgniter\Database\MySQLi\Connection->execute('SELECT COUNT(*) AS `numrows`
FROM `notification_table`
WHERE `user_id` = \'2023710578\'
AND `status` = \'Active\'')
 3 SYSTEMPATH\Database\BaseConnection.php(605): CodeIgniter\Database\BaseConnection->simpleQuery('SELECT COUNT(*) AS `numrows`
FROM `notification_table`
WHERE `user_id` = \'2023710578\'
AND `status` = \'Active\'')
 4 SYSTEMPATH\Database\BaseBuilder.php(1700): CodeIgniter\Database\BaseConnection->query('SELECT COUNT(*) AS `numrows`
FROM `notification_table`
WHERE `user_id` = :user_id:
AND `status` = :status:', [...], false)
 5 APPPATH\Models\Notification.php(30): CodeIgniter\Database\BaseBuilder->countAllResults(false)
 6 APPPATH\Controllers\UserController.php(132): App\Models\Notification->loadUserRequest([...])
 7 SYSTEMPATH\CodeIgniter.php(934): App\Controllers\UserController->notification('2023710578')
 8 SYSTEMPATH\CodeIgniter.php(499): CodeIgniter\CodeIgniter->runController(Object(App\Controllers\UserController))
 9 SYSTEMPATH\CodeIgniter.php(368): CodeIgniter\CodeIgniter->handleRequest(null, Object(Config\Cache), false)
10 FCPATH\index.php(67): CodeIgniter\CodeIgniter->run()
11 SYSTEMPATH\Commands\Server\rewrite.php(47): require_once('C:\\xampp\\htdocs\\RequestandInquiry\\public\\index.php')
ERROR - 2023-11-23 02:05:38 --> mysqli_sql_exception: You have an error in your SQL syntax; check the manual that corresponds to your MariaDB server version for the right syntax to use near ':0:
AND 1 = :1:
AND `notification_status` = :notification_status:' at line 3 in C:\xampp\htdocs\RequestandInquiry\system\Database\MySQLi\Connection.php:295
Stack trace:
#0 C:\xampp\htdocs\RequestandInquiry\system\Database\MySQLi\Connection.php(295): mysqli->query('SELECT COUNT(*)...', 0)
#1 C:\xampp\htdocs\RequestandInquiry\system\Database\BaseConnection.php(691): CodeIgniter\Database\MySQLi\Connection->execute('SELECT COUNT(*)...')
#2 C:\xampp\htdocs\RequestandInquiry\system\Database\BaseConnection.php(605): CodeIgniter\Database\BaseConnection->simpleQuery('SELECT COUNT(*)...')
#3 C:\xampp\htdocs\RequestandInquiry\system\Database\BaseBuilder.php(1700): CodeIgniter\Database\BaseConnection->query('SELECT COUNT(*)...', Array, false)
#4 C:\xampp\htdocs\RequestandInquiry\app\Models\Notification.php(30): CodeIgniter\Database\BaseBuilder->countAllResults(false)
#5 C:\xampp\htdocs\RequestandInquiry\app\Controllers\UserController.php(129): App\Models\Notification->loadUserRequest('2023710578')
#6 C:\xampp\htdocs\RequestandInquiry\system\CodeIgniter.php(934): App\Controllers\UserController->notification('2023710578')
#7 C:\xampp\htdocs\RequestandInquiry\system\CodeIgniter.php(499): CodeIgniter\CodeIgniter->runController(Object(App\Controllers\UserController))
#8 C:\xampp\htdocs\RequestandInquiry\system\CodeIgniter.php(368): CodeIgniter\CodeIgniter->handleRequest(NULL, Object(Config\Cache), false)
#9 C:\xampp\htdocs\RequestandInquiry\public\index.php(67): CodeIgniter\CodeIgniter->run()
#10 C:\xampp\htdocs\RequestandInquiry\system\Commands\Server\rewrite.php(47): require_once('C:\\xampp\\htdocs...')
#11 {main}
CRITICAL - 2023-11-23 02:05:38 --> You have an error in your SQL syntax; check the manual that corresponds to your MariaDB server version for the right syntax to use near ':0:
AND 1 = :1:
AND `notification_status` = :notification_status:' at line 3
in SYSTEMPATH\Database\MySQLi\Connection.php on line 295.
 1 SYSTEMPATH\Database\MySQLi\Connection.php(295): mysqli->query('SELECT COUNT(*) AS `numrows`
FROM `notification_table`
WHERE 0 = :0:
AND 1 = :1:
AND `notification_status` = :notification_status:', 0)
 2 SYSTEMPATH\Database\BaseConnection.php(691): CodeIgniter\Database\MySQLi\Connection->execute('SELECT COUNT(*) AS `numrows`
FROM `notification_table`
WHERE 0 = :0:
AND 1 = :1:
AND `notification_status` = :notification_status:')
 3 SYSTEMPATH\Database\BaseConnection.php(605): CodeIgniter\Database\BaseConnection->simpleQuery('SELECT COUNT(*) AS `numrows`
FROM `notification_table`
WHERE 0 = :0:
AND 1 = :1:
AND `notification_status` = :notification_status:')
 4 SYSTEMPATH\Database\BaseBuilder.php(1700): CodeIgniter\Database\BaseConnection->query('SELECT COUNT(*) AS `numrows`
FROM `notification_table`
WHERE 0 = :0:
AND 1 = :1:
AND `notification_status` = :notification_status:', [...], false)
 5 APPPATH\Models\Notification.php(30): CodeIgniter\Database\BaseBuilder->countAllResults(false)
 6 APPPATH\Controllers\UserController.php(129): App\Models\Notification->loadUserRequest('2023710578')
 7 SYSTEMPATH\CodeIgniter.php(934): App\Controllers\UserController->notification('2023710578')
 8 SYSTEMPATH\CodeIgniter.php(499): CodeIgniter\CodeIgniter->runController(Object(App\Controllers\UserController))
 9 SYSTEMPATH\CodeIgniter.php(368): CodeIgniter\CodeIgniter->handleRequest(null, Object(Config\Cache), false)
10 FCPATH\index.php(67): CodeIgniter\CodeIgniter->run()
11 SYSTEMPATH\Commands\Server\rewrite.php(47): require_once('C:\\xampp\\htdocs\\RequestandInquiry\\public\\index.php')
ERROR - 2023-11-23 02:05:44 --> mysqli_sql_exception: You have an error in your SQL syntax; check the manual that corresponds to your MariaDB server version for the right syntax to use near ':0:
AND 1 = :1:
AND `notification_status` = :notification_status:' at line 3 in C:\xampp\htdocs\RequestandInquiry\system\Database\MySQLi\Connection.php:295
Stack trace:
#0 C:\xampp\htdocs\RequestandInquiry\system\Database\MySQLi\Connection.php(295): mysqli->query('SELECT COUNT(*)...', 0)
#1 C:\xampp\htdocs\RequestandInquiry\system\Database\BaseConnection.php(691): CodeIgniter\Database\MySQLi\Connection->execute('SELECT COUNT(*)...')
#2 C:\xampp\htdocs\RequestandInquiry\system\Database\BaseConnection.php(605): CodeIgniter\Database\BaseConnection->simpleQuery('SELECT COUNT(*)...')
#3 C:\xampp\htdocs\RequestandInquiry\system\Database\BaseBuilder.php(1700): CodeIgniter\Database\BaseConnection->query('SELECT COUNT(*)...', Array, false)
#4 C:\xampp\htdocs\RequestandInquiry\app\Models\Notification.php(30): CodeIgniter\Database\BaseBuilder->countAllResults(false)
#5 C:\xampp\htdocs\RequestandInquiry\app\Controllers\UserController.php(129): App\Models\Notification->loadUserRequest('2023710578')
#6 C:\xampp\htdocs\RequestandInquiry\system\CodeIgniter.php(934): App\Controllers\UserController->notification('2023710578')
#7 C:\xampp\htdocs\RequestandInquiry\system\CodeIgniter.php(499): CodeIgniter\CodeIgniter->runController(Object(App\Controllers\UserController))
#8 C:\xampp\htdocs\RequestandInquiry\system\CodeIgniter.php(368): CodeIgniter\CodeIgniter->handleRequest(NULL, Object(Config\Cache), false)
#9 C:\xampp\htdocs\RequestandInquiry\public\index.php(67): CodeIgniter\CodeIgniter->run()
#10 C:\xampp\htdocs\RequestandInquiry\system\Commands\Server\rewrite.php(47): require_once('C:\\xampp\\htdocs...')
#11 {main}
CRITICAL - 2023-11-23 02:05:44 --> You have an error in your SQL syntax; check the manual that corresponds to your MariaDB server version for the right syntax to use near ':0:
AND 1 = :1:
AND `notification_status` = :notification_status:' at line 3
in SYSTEMPATH\Database\MySQLi\Connection.php on line 295.
 1 SYSTEMPATH\Database\MySQLi\Connection.php(295): mysqli->query('SELECT COUNT(*) AS `numrows`
FROM `notification_table`
WHERE 0 = :0:
AND 1 = :1:
AND `notification_status` = :notification_status:', 0)
 2 SYSTEMPATH\Database\BaseConnection.php(691): CodeIgniter\Database\MySQLi\Connection->execute('SELECT COUNT(*) AS `numrows`
FROM `notification_table`
WHERE 0 = :0:
AND 1 = :1:
AND `notification_status` = :notification_status:')
 3 SYSTEMPATH\Database\BaseConnection.php(605): CodeIgniter\Database\BaseConnection->simpleQuery('SELECT COUNT(*) AS `numrows`
FROM `notification_table`
WHERE 0 = :0:
AND 1 = :1:
AND `notification_status` = :notification_status:')
 4 SYSTEMPATH\Database\BaseBuilder.php(1700): CodeIgniter\Database\BaseConnection->query('SELECT COUNT(*) AS `numrows`
FROM `notification_table`
WHERE 0 = :0:
AND 1 = :1:
AND `notification_status` = :notification_status:', [...], false)
 5 APPPATH\Models\Notification.php(30): CodeIgniter\Database\BaseBuilder->countAllResults(false)
 6 APPPATH\Controllers\UserController.php(129): App\Models\Notification->loadUserRequest('2023710578')
 7 SYSTEMPATH\CodeIgniter.php(934): App\Controllers\UserController->notification('2023710578')
 8 SYSTEMPATH\CodeIgniter.php(499): CodeIgniter\CodeIgniter->runController(Object(App\Controllers\UserController))
 9 SYSTEMPATH\CodeIgniter.php(368): CodeIgniter\CodeIgniter->handleRequest(null, Object(Config\Cache), false)
10 FCPATH\index.php(67): CodeIgniter\CodeIgniter->run()
11 SYSTEMPATH\Commands\Server\rewrite.php(47): require_once('C:\\xampp\\htdocs\\RequestandInquiry\\public\\index.php')
CRITICAL - 2023-11-23 02:23:05 --> There is no data to update.
in SYSTEMPATH\BaseModel.php on line 924.
 1 SYSTEMPATH\BaseModel.php(924): CodeIgniter\Database\Exceptions\DataException::forEmptyDataset('update')
 2 SYSTEMPATH\Model.php(756): CodeIgniter\BaseModel->update([...], [])
 3 APPPATH\Controllers\UserController.php(141): CodeIgniter\Model->update('2', [...])
 4 SYSTEMPATH\CodeIgniter.php(934): App\Controllers\UserController->view_request('2023710578')
 5 SYSTEMPATH\CodeIgniter.php(499): CodeIgniter\CodeIgniter->runController(Object(App\Controllers\UserController))
 6 SYSTEMPATH\CodeIgniter.php(368): CodeIgniter\CodeIgniter->handleRequest(null, Object(Config\Cache), false)
 7 FCPATH\index.php(67): CodeIgniter\CodeIgniter->run()
 8 SYSTEMPATH\Commands\Server\rewrite.php(47): require_once('C:\\xampp\\htdocs\\RequestandInquiry\\public\\index.php')
CRITICAL - 2023-11-23 02:50:28 --> CodeIgniter\BaseModel::transformDataToArray(): Return value must be of type array, string returned
in SYSTEMPATH\BaseModel.php on line 1706.
 1 SYSTEMPATH\BaseModel.php(910): CodeIgniter\BaseModel->transformDataToArray('2', 'update')
 2 SYSTEMPATH\Model.php(756): CodeIgniter\BaseModel->update([...], '2')
 3 APPPATH\Controllers\UserController.php(139): CodeIgniter\Model->update([...], '2')
 4 SYSTEMPATH\CodeIgniter.php(934): App\Controllers\UserController->view_request('2023710578')
 5 SYSTEMPATH\CodeIgniter.php(499): CodeIgniter\CodeIgniter->runController(Object(App\Controllers\UserController))
 6 SYSTEMPATH\CodeIgniter.php(368): CodeIgniter\CodeIgniter->handleRequest(null, Object(Config\Cache), false)
 7 FCPATH\index.php(67): CodeIgniter\CodeIgniter->run()
 8 SYSTEMPATH\Commands\Server\rewrite.php(47): require_once('C:\\xampp\\htdocs\\RequestandInquiry\\public\\index.php')
CRITICAL - 2023-11-23 02:50:39 --> CodeIgniter\BaseModel::transformDataToArray(): Return value must be of type array, string returned
in SYSTEMPATH\BaseModel.php on line 1706.
 1 SYSTEMPATH\BaseModel.php(910): CodeIgniter\BaseModel->transformDataToArray('2', 'update')
 2 SYSTEMPATH\Model.php(756): CodeIgniter\BaseModel->update([...], '2')
 3 APPPATH\Controllers\UserController.php(139): CodeIgniter\Model->update([...], '2')
 4 SYSTEMPATH\CodeIgniter.php(934): App\Controllers\UserController->view_request('2023710578')
 5 SYSTEMPATH\CodeIgniter.php(499): CodeIgniter\CodeIgniter->runController(Object(App\Controllers\UserController))
 6 SYSTEMPATH\CodeIgniter.php(368): CodeIgniter\CodeIgniter->handleRequest(null, Object(Config\Cache), false)
 7 FCPATH\index.php(67): CodeIgniter\CodeIgniter->run()
 8 SYSTEMPATH\Commands\Server\rewrite.php(47): require_once('C:\\xampp\\htdocs\\RequestandInquiry\\public\\index.php')
CRITICAL - 2023-11-23 02:52:50 --> CodeIgniter\BaseModel::transformDataToArray(): Return value must be of type array, string returned
in SYSTEMPATH\BaseModel.php on line 1706.
 1 SYSTEMPATH\BaseModel.php(910): CodeIgniter\BaseModel->transformDataToArray('2023710578', 'update')
 2 SYSTEMPATH\Model.php(756): CodeIgniter\BaseModel->update([...], '2023710578')
 3 APPPATH\Controllers\UserController.php(137): CodeIgniter\Model->update([...], '2023710578')
 4 SYSTEMPATH\CodeIgniter.php(934): App\Controllers\UserController->view_request('2023710578')
 5 SYSTEMPATH\CodeIgniter.php(499): CodeIgniter\CodeIgniter->runController(Object(App\Controllers\UserController))
 6 SYSTEMPATH\CodeIgniter.php(368): CodeIgniter\CodeIgniter->handleRequest(null, Object(Config\Cache), false)
 7 FCPATH\index.php(67): CodeIgniter\CodeIgniter->run()
 8 SYSTEMPATH\Commands\Server\rewrite.php(47): require_once('C:\\xampp\\htdocs\\RequestandInquiry\\public\\index.php')
CRITICAL - 2023-11-23 02:52:52 --> CodeIgniter\BaseModel::transformDataToArray(): Return value must be of type array, string returned
in SYSTEMPATH\BaseModel.php on line 1706.
 1 SYSTEMPATH\BaseModel.php(910): CodeIgniter\BaseModel->transformDataToArray('2023710578', 'update')
 2 SYSTEMPATH\Model.php(756): CodeIgniter\BaseModel->update([...], '2023710578')
 3 APPPATH\Controllers\UserController.php(137): CodeIgniter\Model->update([...], '2023710578')
 4 SYSTEMPATH\CodeIgniter.php(934): App\Controllers\UserController->view_request('2023710578')
 5 SYSTEMPATH\CodeIgniter.php(499): CodeIgniter\CodeIgniter->runController(Object(App\Controllers\UserController))
 6 SYSTEMPATH\CodeIgniter.php(368): CodeIgniter\CodeIgniter->handleRequest(null, Object(Config\Cache), false)
 7 FCPATH\index.php(67): CodeIgniter\CodeIgniter->run()
 8 SYSTEMPATH\Commands\Server\rewrite.php(47): require_once('C:\\xampp\\htdocs\\RequestandInquiry\\public\\index.php')
CRITICAL - 2023-11-23 02:53:07 --> CodeIgniter\BaseModel::transformDataToArray(): Return value must be of type array, string returned
in SYSTEMPATH\BaseModel.php on line 1706.
 1 SYSTEMPATH\BaseModel.php(910): CodeIgniter\BaseModel->transformDataToArray('2023710578', 'update')
 2 SYSTEMPATH\Model.php(756): CodeIgniter\BaseModel->update([...], '2023710578')
 3 APPPATH\Controllers\UserController.php(137): CodeIgniter\Model->update([...], '2023710578')
 4 SYSTEMPATH\CodeIgniter.php(934): App\Controllers\UserController->view_request('2023710578')
 5 SYSTEMPATH\CodeIgniter.php(499): CodeIgniter\CodeIgniter->runController(Object(App\Controllers\UserController))
 6 SYSTEMPATH\CodeIgniter.php(368): CodeIgniter\CodeIgniter->handleRequest(null, Object(Config\Cache), false)
 7 FCPATH\index.php(67): CodeIgniter\CodeIgniter->run()
 8 SYSTEMPATH\Commands\Server\rewrite.php(47): require_once('C:\\xampp\\htdocs\\RequestandInquiry\\public\\index.php')
CRITICAL - 2023-11-23 02:53:29 --> CodeIgniter\BaseModel::transformDataToArray(): Return value must be of type array, string returned
in SYSTEMPATH\BaseModel.php on line 1706.
 1 SYSTEMPATH\BaseModel.php(910): CodeIgniter\BaseModel->transformDataToArray('2023710578', 'update')
 2 SYSTEMPATH\Model.php(756): CodeIgniter\BaseModel->update([...], '2023710578')
 3 APPPATH\Controllers\UserController.php(137): CodeIgniter\Model->update([...], '2023710578')
 4 SYSTEMPATH\CodeIgniter.php(934): App\Controllers\UserController->view_request('2023710578')
 5 SYSTEMPATH\CodeIgniter.php(499): CodeIgniter\CodeIgniter->runController(Object(App\Controllers\UserController))
 6 SYSTEMPATH\CodeIgniter.php(368): CodeIgniter\CodeIgniter->handleRequest(null, Object(Config\Cache), false)
 7 FCPATH\index.php(67): CodeIgniter\CodeIgniter->run()
 8 SYSTEMPATH\Commands\Server\rewrite.php(47): require_once('C:\\xampp\\htdocs\\RequestandInquiry\\public\\index.php')
ERROR - 2023-11-23 03:24:35 --> mysqli_sql_exception: You have an error in your SQL syntax; check the manual that corresponds to your MariaDB server version for the right syntax to use near 'WHERE `user_id`= "$id"' at line 1 in C:\xampp\htdocs\RequestandInquiry\system\Database\MySQLi\Connection.php:295
Stack trace:
#0 C:\xampp\htdocs\RequestandInquiry\system\Database\MySQLi\Connection.php(295): mysqli->query('UPDATE notifica...', 0)
#1 C:\xampp\htdocs\RequestandInquiry\system\Database\BaseConnection.php(691): CodeIgniter\Database\MySQLi\Connection->execute('UPDATE notifica...')
#2 C:\xampp\htdocs\RequestandInquiry\system\Database\BaseConnection.php(605): CodeIgniter\Database\BaseConnection->simpleQuery('UPDATE notifica...')
#3 C:\xampp\htdocs\RequestandInquiry\app\Models\Notification.php(44): CodeIgniter\Database\BaseConnection->query('UPDATE notifica...')
#4 C:\xampp\htdocs\RequestandInquiry\app\Controllers\UserController.php(134): App\Models\Notification->UpdateData('2023710578')
#5 C:\xampp\htdocs\RequestandInquiry\system\CodeIgniter.php(934): App\Controllers\UserController->view_request('2023710578')
#6 C:\xampp\htdocs\RequestandInquiry\system\CodeIgniter.php(499): CodeIgniter\CodeIgniter->runController(Object(App\Controllers\UserController))
#7 C:\xampp\htdocs\RequestandInquiry\system\CodeIgniter.php(368): CodeIgniter\CodeIgniter->handleRequest(NULL, Object(Config\Cache), false)
#8 C:\xampp\htdocs\RequestandInquiry\public\index.php(67): CodeIgniter\CodeIgniter->run()
#9 C:\xampp\htdocs\RequestandInquiry\system\Commands\Server\rewrite.php(47): require_once('C:\\xampp\\htdocs...')
#10 {main}
CRITICAL - 2023-11-23 03:24:36 --> You have an error in your SQL syntax; check the manual that corresponds to your MariaDB server version for the right syntax to use near 'WHERE `user_id`= "$id"' at line 1
in SYSTEMPATH\Database\MySQLi\Connection.php on line 295.
 1 SYSTEMPATH\Database\MySQLi\Connection.php(295): mysqli->query('UPDATE notification_table SET `notification_status = Not-Active` WHERE `user_id`= "$id"', 0)
 2 SYSTEMPATH\Database\BaseConnection.php(691): CodeIgniter\Database\MySQLi\Connection->execute('UPDATE notification_table SET `notification_status = Not-Active` WHERE `user_id`= "$id"')
 3 SYSTEMPATH\Database\BaseConnection.php(605): CodeIgniter\Database\BaseConnection->simpleQuery('UPDATE notification_table SET `notification_status = Not-Active` WHERE `user_id`= "$id"')
 4 APPPATH\Models\Notification.php(44): CodeIgniter\Database\BaseConnection->query('UPDATE notification_table SET `notification_status = Not-Active` WHERE `user_id`= "$id"')
 5 APPPATH\Controllers\UserController.php(134): App\Models\Notification->UpdateData('2023710578')
 6 SYSTEMPATH\CodeIgniter.php(934): App\Controllers\UserController->view_request('2023710578')
 7 SYSTEMPATH\CodeIgniter.php(499): CodeIgniter\CodeIgniter->runController(Object(App\Controllers\UserController))
 8 SYSTEMPATH\CodeIgniter.php(368): CodeIgniter\CodeIgniter->handleRequest(null, Object(Config\Cache), false)
 9 FCPATH\index.php(67): CodeIgniter\CodeIgniter->run()
10 SYSTEMPATH\Commands\Server\rewrite.php(47): require_once('C:\\xampp\\htdocs\\RequestandInquiry\\public\\index.php')
ERROR - 2023-11-23 03:25:34 --> mysqli_sql_exception: You have an error in your SQL syntax; check the manual that corresponds to your MariaDB server version for the right syntax to use near 'WHERE `user_id`= $id' at line 1 in C:\xampp\htdocs\RequestandInquiry\system\Database\MySQLi\Connection.php:295
Stack trace:
#0 C:\xampp\htdocs\RequestandInquiry\system\Database\MySQLi\Connection.php(295): mysqli->query('UPDATE notifica...', 0)
#1 C:\xampp\htdocs\RequestandInquiry\system\Database\BaseConnection.php(691): CodeIgniter\Database\MySQLi\Connection->execute('UPDATE notifica...')
#2 C:\xampp\htdocs\RequestandInquiry\system\Database\BaseConnection.php(605): CodeIgniter\Database\BaseConnection->simpleQuery('UPDATE notifica...')
#3 C:\xampp\htdocs\RequestandInquiry\app\Models\Notification.php(44): CodeIgniter\Database\BaseConnection->query('UPDATE notifica...')
#4 C:\xampp\htdocs\RequestandInquiry\app\Controllers\UserController.php(134): App\Models\Notification->UpdateData('2023710578')
#5 C:\xampp\htdocs\RequestandInquiry\system\CodeIgniter.php(934): App\Controllers\UserController->view_request('2023710578')
#6 C:\xampp\htdocs\RequestandInquiry\system\CodeIgniter.php(499): CodeIgniter\CodeIgniter->runController(Object(App\Controllers\UserController))
#7 C:\xampp\htdocs\RequestandInquiry\system\CodeIgniter.php(368): CodeIgniter\CodeIgniter->handleRequest(NULL, Object(Config\Cache), false)
#8 C:\xampp\htdocs\RequestandInquiry\public\index.php(67): CodeIgniter\CodeIgniter->run()
#9 C:\xampp\htdocs\RequestandInquiry\system\Commands\Server\rewrite.php(47): require_once('C:\\xampp\\htdocs...')
#10 {main}
CRITICAL - 2023-11-23 03:25:34 --> You have an error in your SQL syntax; check the manual that corresponds to your MariaDB server version for the right syntax to use near 'WHERE `user_id`= $id' at line 1
in SYSTEMPATH\Database\MySQLi\Connection.php on line 295.
 1 SYSTEMPATH\Database\MySQLi\Connection.php(295): mysqli->query('UPDATE notification_table SET `notification_status = Not-Active` WHERE `user_id`= $id ', 0)
 2 SYSTEMPATH\Database\BaseConnection.php(691): CodeIgniter\Database\MySQLi\Connection->execute('UPDATE notification_table SET `notification_status = Not-Active` WHERE `user_id`= $id ')
 3 SYSTEMPATH\Database\BaseConnection.php(605): CodeIgniter\Database\BaseConnection->simpleQuery('UPDATE notification_table SET `notification_status = Not-Active` WHERE `user_id`= $id ')
 4 APPPATH\Models\Notification.php(44): CodeIgniter\Database\BaseConnection->query('UPDATE notification_table SET `notification_status = Not-Active` WHERE `user_id`= $id ')
 5 APPPATH\Controllers\UserController.php(134): App\Models\Notification->UpdateData('2023710578')
 6 SYSTEMPATH\CodeIgniter.php(934): App\Controllers\UserController->view_request('2023710578')
 7 SYSTEMPATH\CodeIgniter.php(499): CodeIgniter\CodeIgniter->runController(Object(App\Controllers\UserController))
 8 SYSTEMPATH\CodeIgniter.php(368): CodeIgniter\CodeIgniter->handleRequest(null, Object(Config\Cache), false)
 9 FCPATH\index.php(67): CodeIgniter\CodeIgniter->run()
10 SYSTEMPATH\Commands\Server\rewrite.php(47): require_once('C:\\xampp\\htdocs\\RequestandInquiry\\public\\index.php')
CRITICAL - 2023-11-23 03:35:46 --> count(): Argument #1 ($value) must be of type Countable|array, bool given
in APPPATH\Controllers\UserController.php on line 130.
 1 APPPATH\Controllers\UserController.php(130): count(false)
 2 SYSTEMPATH\CodeIgniter.php(934): App\Controllers\UserController->notification('2023710578')
 3 SYSTEMPATH\CodeIgniter.php(499): CodeIgniter\CodeIgniter->runController(Object(App\Controllers\UserController))
 4 SYSTEMPATH\CodeIgniter.php(368): CodeIgniter\CodeIgniter->handleRequest(null, Object(Config\Cache), false)
 5 FCPATH\index.php(67): CodeIgniter\CodeIgniter->run()
 6 SYSTEMPATH\Commands\Server\rewrite.php(47): require_once('C:\\xampp\\htdocs\\RequestandInquiry\\public\\index.php')
CRITICAL - 2023-11-23 03:36:08 --> count(): Argument #1 ($value) must be of type Countable|array, stdClass given
in APPPATH\Controllers\UserController.php on line 130.
 1 APPPATH\Controllers\UserController.php(130): count(Object(stdClass))
 2 SYSTEMPATH\CodeIgniter.php(934): App\Controllers\UserController->notification('2023710578')
 3 SYSTEMPATH\CodeIgniter.php(499): CodeIgniter\CodeIgniter->runController(Object(App\Controllers\UserController))
 4 SYSTEMPATH\CodeIgniter.php(368): CodeIgniter\CodeIgniter->handleRequest(null, Object(Config\Cache), false)
 5 FCPATH\index.php(67): CodeIgniter\CodeIgniter->run()
 6 SYSTEMPATH\Commands\Server\rewrite.php(47): require_once('C:\\xampp\\htdocs\\RequestandInquiry\\public\\index.php')
CRITICAL - 2023-11-23 03:46:36 --> count(): Argument #1 ($value) must be of type Countable|array, null given
in APPPATH\Controllers\UserController.php on line 129.
 1 APPPATH\Controllers\UserController.php(129): count(null)
 2 SYSTEMPATH\CodeIgniter.php(934): App\Controllers\UserController->notification('2023710578')
 3 SYSTEMPATH\CodeIgniter.php(499): CodeIgniter\CodeIgniter->runController(Object(App\Controllers\UserController))
 4 SYSTEMPATH\CodeIgniter.php(368): CodeIgniter\CodeIgniter->handleRequest(null, Object(Config\Cache), false)
 5 FCPATH\index.php(67): CodeIgniter\CodeIgniter->run()
 6 SYSTEMPATH\Commands\Server\rewrite.php(47): require_once('C:\\xampp\\htdocs\\RequestandInquiry\\public\\index.php')
