CRITICAL - 2023-11-22 14:46:03 --> Undefined array key "description"
in APPPATH\Controllers\AdminController.php on line 63.
 1 APPPATH\Controllers\AdminController.php(63): CodeIgniter\Debug\Exceptions->errorHandler(2, 'Undefined array key "description"', 'C:\\xampp\\htdocs\\RequestandInquiry\\app\\Controllers\\AdminController.php', 63)
 2 SYSTEMPATH\CodeIgniter.php(934): App\Controllers\AdminController->pdf('1')
 3 SYSTEMPATH\CodeIgniter.php(499): CodeIgniter\CodeIgniter->runController(Object(App\Controllers\AdminController))
 4 SYSTEMPATH\CodeIgniter.php(368): CodeIgniter\CodeIgniter->handleRequest(null, Object(Config\Cache), false)
 5 FCPATH\index.php(67): CodeIgniter\CodeIgniter->run()
 6 SYSTEMPATH\Commands\Server\rewrite.php(47): require_once('C:\\xampp\\htdocs\\RequestandInquiry\\public\\index.php')
CRITICAL - 2023-11-22 14:57:28 --> Invalid file: "admin/pdf/pdf.php"
in SYSTEMPATH\Exceptions\FrameworkException.php on line 33.
 1 SYSTEMPATH\View\View.php(201): CodeIgniter\Exceptions\FrameworkException::forInvalidFile('admin/pdf/pdf.php')
 2 SYSTEMPATH\Common.php(1184): CodeIgniter\View\View->render('admin/pdf/pdf', [], true)
 3 APPPATH\Controllers\AdminController.php(89): view('admin/pdf/pdf', [...])
 4 SYSTEMPATH\CodeIgniter.php(934): App\Controllers\AdminController->pdf('1')
 5 SYSTEMPATH\CodeIgniter.php(499): CodeIgniter\CodeIgniter->runController(Object(App\Controllers\AdminController))
 6 SYSTEMPATH\CodeIgniter.php(368): CodeIgniter\CodeIgniter->handleRequest(null, Object(Config\Cache), false)
 7 FCPATH\index.php(67): CodeIgniter\CodeIgniter->run()
 8 SYSTEMPATH\Commands\Server\rewrite.php(47): require_once('C:\\xampp\\htdocs\\RequestandInquiry\\public\\index.php')
CRITICAL - 2023-11-22 14:57:47 --> Invalid file: "admin/pdf/PdfFile.php"
in SYSTEMPATH\Exceptions\FrameworkException.php on line 33.
 1 SYSTEMPATH\View\View.php(201): CodeIgniter\Exceptions\FrameworkException::forInvalidFile('admin/pdf/PdfFile.php')
 2 SYSTEMPATH\Common.php(1184): CodeIgniter\View\View->render('admin/pdf/PdfFile', [], true)
 3 APPPATH\Controllers\AdminController.php(89): view('admin/pdf/PdfFile', [...])
 4 SYSTEMPATH\CodeIgniter.php(934): App\Controllers\AdminController->pdf('1')
 5 SYSTEMPATH\CodeIgniter.php(499): CodeIgniter\CodeIgniter->runController(Object(App\Controllers\AdminController))
 6 SYSTEMPATH\CodeIgniter.php(368): CodeIgniter\CodeIgniter->handleRequest(null, Object(Config\Cache), false)
 7 FCPATH\index.php(67): CodeIgniter\CodeIgniter->run()
 8 SYSTEMPATH\Commands\Server\rewrite.php(47): require_once('C:\\xampp\\htdocs\\RequestandInquiry\\public\\index.php')
CRITICAL - 2023-11-22 14:58:17 --> Invalid file: "admin/PdfFolder/PdfFile.php"
in SYSTEMPATH\Exceptions\FrameworkException.php on line 33.
 1 SYSTEMPATH\View\View.php(201): CodeIgniter\Exceptions\FrameworkException::forInvalidFile('admin/PdfFolder/PdfFile.php')
 2 SYSTEMPATH\Common.php(1184): CodeIgniter\View\View->render('admin/PdfFolder/PdfFile', [], true)
 3 APPPATH\Controllers\AdminController.php(89): view('admin/PdfFolder/PdfFile', [...])
 4 SYSTEMPATH\CodeIgniter.php(934): App\Controllers\AdminController->pdf('1')
 5 SYSTEMPATH\CodeIgniter.php(499): CodeIgniter\CodeIgniter->runController(Object(App\Controllers\AdminController))
 6 SYSTEMPATH\CodeIgniter.php(368): CodeIgniter\CodeIgniter->handleRequest(null, Object(Config\Cache), false)
 7 FCPATH\index.php(67): CodeIgniter\CodeIgniter->run()
 8 SYSTEMPATH\Commands\Server\rewrite.php(47): require_once('C:\\xampp\\htdocs\\RequestandInquiry\\public\\index.php')
CRITICAL - 2023-11-22 14:59:33 --> Undefined array key "id"
in APPPATH\Views\PdfFolder\PdfFile.php on line 67.
 1 APPPATH\Views\PdfFolder\PdfFile.php(67): CodeIgniter\Debug\Exceptions->errorHandler(2, 'Undefined array key "id"', 'C:\\xampp\\htdocs\\RequestandInquiry\\app\\Views\\PdfFolder\\PdfFile.php', 67)
 2 SYSTEMPATH\View\View.php(213): include('C:\\xampp\\htdocs\\RequestandInquiry\\app\\Views\\PdfFolder\\PdfFile.php')
 3 SYSTEMPATH\View\View.php(216): CodeIgniter\View\View->CodeIgniter\View\{closure}()
 4 SYSTEMPATH\Common.php(1184): CodeIgniter\View\View->render('PdfFolder/PdfFile', [], true)
 5 APPPATH\Controllers\AdminController.php(89): view('PdfFolder/PdfFile', [...])
 6 SYSTEMPATH\CodeIgniter.php(934): App\Controllers\AdminController->pdf('1')
 7 SYSTEMPATH\CodeIgniter.php(499): CodeIgniter\CodeIgniter->runController(Object(App\Controllers\AdminController))
 8 SYSTEMPATH\CodeIgniter.php(368): CodeIgniter\CodeIgniter->handleRequest(null, Object(Config\Cache), false)
 9 FCPATH\index.php(67): CodeIgniter\CodeIgniter->run()
10 SYSTEMPATH\Commands\Server\rewrite.php(47): require_once('C:\\xampp\\htdocs\\RequestandInquiry\\public\\index.php')
CRITICAL - 2023-11-22 15:00:12 --> Undefined variable $data3
in APPPATH\Views\PdfFolder\PdfFile.php on line 67.
 1 APPPATH\Views\PdfFolder\PdfFile.php(67): CodeIgniter\Debug\Exceptions->errorHandler(2, 'Undefined variable $data3', 'C:\\xampp\\htdocs\\RequestandInquiry\\app\\Views\\PdfFolder\\PdfFile.php', 67)
 2 SYSTEMPATH\View\View.php(213): include('C:\\xampp\\htdocs\\RequestandInquiry\\app\\Views\\PdfFolder\\PdfFile.php')
 3 SYSTEMPATH\View\View.php(216): CodeIgniter\View\View->CodeIgniter\View\{closure}()
 4 SYSTEMPATH\Common.php(1184): CodeIgniter\View\View->render('PdfFolder/PdfFile', [], true)
 5 APPPATH\Controllers\AdminController.php(89): view('PdfFolder/PdfFile', [...])
 6 SYSTEMPATH\CodeIgniter.php(934): App\Controllers\AdminController->pdf('1')
 7 SYSTEMPATH\CodeIgniter.php(499): CodeIgniter\CodeIgniter->runController(Object(App\Controllers\AdminController))
 8 SYSTEMPATH\CodeIgniter.php(368): CodeIgniter\CodeIgniter->handleRequest(null, Object(Config\Cache), false)
 9 FCPATH\index.php(67): CodeIgniter\CodeIgniter->run()
10 SYSTEMPATH\Commands\Server\rewrite.php(47): require_once('C:\\xampp\\htdocs\\RequestandInquiry\\public\\index.php')
